# JRE version: Java(TM) SE Runtime Environment (8.0_25-b18) (build 1.8.0_25-b18)
# Java VM: Java HotSpot(TM) 64-Bit Server VM (25.25-b02 mixed mode windows-amd64 compressed oops)
Heap:
 PSYoungGen      total 216576K, used 193024K [0x00000000eab00000, 0x00000000fb480000, 0x0000000100000000)
  eden space 193024K, 100% used [0x00000000eab00000,0x00000000f6780000,0x00000000f6780000)
  from space 23552K, 0% used [0x00000000f6780000,0x00000000f6780000,0x00000000f7e80000)
  to   space 23552K, 79% used [0x00000000f9d80000,0x00000000fafac790,0x00000000fb480000)
 ParOldGen       total 79360K, used 60186K [0x00000000c0000000, 0x00000000c4d80000, 0x00000000eab00000)
  object space 79360K, 75% used [0x00000000c0000000,0x00000000c3ac6958,0x00000000c4d80000)
 Metaspace       used 67100K, capacity 70763K, committed 70912K, reserved 1110016K
  class space    used 9197K, capacity 10400K, committed 10496K, reserved 1048576K
GC Heap History (10 events):
Event: 208.923 GC heap after
Heap after GC invocations=20 (full 3):
 PSYoungGen      total 198656K, used 16357K [0x00000000eab00000, 0x00000000f9180000, 0x0000000100000000)
  eden space 182272K, 0% used [0x00000000eab00000,0x00000000eab00000,0x00000000f5d00000)
  from space 16384K, 99% used [0x00000000f5d00000,0x00000000f6cf9498,0x00000000f6d00000)
  to   space 19456K, 0% used [0x00000000f7e80000,0x00000000f7e80000,0x00000000f9180000)
 ParOldGen       total 79360K, used 55023K [0x00000000c0000000, 0x00000000c4d80000, 0x00000000eab00000)
  object space 79360K, 69% used [0x00000000c0000000,0x00000000c35bbf38,0x00000000c4d80000)
 Metaspace       used 54568K, capacity 57057K, committed 57344K, reserved 1097728K
  class space    used 7493K, capacity 8354K, committed 8448K, reserved 1048576K
}
Event: 208.923 GC heap before
{Heap before GC invocations=21 (full 4):
 PSYoungGen      total 198656K, used 16357K [0x00000000eab00000, 0x00000000f9180000, 0x0000000100000000)
  eden space 182272K, 0% used [0x00000000eab00000,0x00000000eab00000,0x00000000f5d00000)
  from space 16384K, 99% used [0x00000000f5d00000,0x00000000f6cf9498,0x00000000f6d00000)
  to   space 19456K, 0% used [0x00000000f7e80000,0x00000000f7e80000,0x00000000f9180000)
 ParOldGen       total 79360K, used 55023K [0x00000000c0000000, 0x00000000c4d80000, 0x00000000eab00000)
  object space 79360K, 69% used [0x00000000c0000000,0x00000000c35bbf38,0x00000000c4d80000)
 Metaspace       used 54568K, capacity 57057K, committed 57344K, reserved 1097728K
  class space    used 7493K, capacity 8354K, committed 8448K, reserved 1048576K
Event: 209.979 GC heap after
Heap after GC invocations=21 (full 4):
 PSYoungGen      total 198656K, used 0K [0x00000000eab00000, 0x00000000f9180000, 0x0000000100000000)
  eden space 182272K, 0% used [0x00000000eab00000,0x00000000eab00000,0x00000000f5d00000)
  from space 16384K, 0% used [0x00000000f5d00000,0x00000000f5d00000,0x00000000f6d00000)
  to   space 19456K, 0% used [0x00000000f7e80000,0x00000000f7e80000,0x00000000f9180000)
 ParOldGen       total 79360K, used 60566K [0x00000000c0000000, 0x00000000c4d80000, 0x00000000eab00000)
  object space 79360K, 76% used [0x00000000c0000000,0x00000000c3b258e8,0x00000000c4d80000)
 Metaspace       used 54568K, capacity 57057K, committed 57344K, reserved 1097728K
  class space    used 7493K, capacity 8354K, committed 8448K, reserved 1048576K
}
Event: 1062.307 GC heap before
{Heap before GC invocations=22 (full 4):
 PSYoungGen      total 198656K, used 182272K [0x00000000eab00000, 0x00000000f9180000, 0x0000000100000000)
  eden space 182272K, 100% used [0x00000000eab00000,0x00000000f5d00000,0x00000000f5d00000)
  from space 16384K, 0% used [0x00000000f5d00000,0x00000000f5d00000,0x00000000f6d00000)
  to   space 19456K, 0% used [0x00000000f7e80000,0x00000000f7e80000,0x00000000f9180000)
 ParOldGen       total 79360K, used 60566K [0x00000000c0000000, 0x00000000c4d80000, 0x00000000eab00000)
  object space 79360K, 76% used [0x00000000c0000000,0x00000000c3b258e8,0x00000000c4d80000)
 Metaspace       used 60513K, capacity 63746K, committed 64000K, reserved 1103872K
  class space    used 8357K, capacity 9472K, committed 9472K, reserved 1048576K
Event: 1063.061 GC heap after
Heap after GC invocations=22 (full 4):
 PSYoungGen      total 212480K, used 19451K [0x00000000eab00000, 0x00000000fb480000, 0x0000000100000000)
  eden space 193024K, 0% used [0x00000000eab00000,0x00000000eab00000,0x00000000f6780000)
  from space 19456K, 99% used [0x00000000f7e80000,0x00000000f917ef10,0x00000000f9180000)
  to   space 23552K, 0% used [0x00000000f6780000,0x00000000f6780000,0x00000000f7e80000)
 ParOldGen       total 79360K, used 62832K [0x00000000c0000000, 0x00000000c4d80000, 0x00000000eab00000)
  object space 79360K, 79% used [0x00000000c0000000,0x00000000c3d5c2f8,0x00000000c4d80000)
 Metaspace       used 60513K, capacity 63746K, committed 64000K, reserved 1103872K
  class space    used 8357K, capacity 9472K, committed 9472K, reserved 1048576K
}
Event: 1097.430 GC heap before
{Heap before GC invocations=23 (full 4):
 PSYoungGen      total 212480K, used 59606K [0x00000000eab00000, 0x00000000fb480000, 0x0000000100000000)
  eden space 193024K, 20% used [0x00000000eab00000,0x00000000ed236b08,0x00000000f6780000)
  from space 19456K, 99% used [0x00000000f7e80000,0x00000000f917ef10,0x00000000f9180000)
  to   space 23552K, 0% used [0x00000000f6780000,0x00000000f6780000,0x00000000f7e80000)
 ParOldGen       total 79360K, used 62832K [0x00000000c0000000, 0x00000000c4d80000, 0x00000000eab00000)
  object space 79360K, 79% used [0x00000000c0000000,0x00000000c3d5c2f8,0x00000000c4d80000)
 Metaspace       used 61275K, capacity 64656K, committed 64896K, reserved 1103872K
  class space    used 8481K, capacity 9600K, committed 9600K, reserved 1048576K
Event: 1097.617 GC heap after
Heap after GC invocations=23 (full 4):
 PSYoungGen      total 216576K, used 1398K [0x00000000eab00000, 0x00000000fb480000, 0x0000000100000000)
  eden space 193024K, 0% used [0x00000000eab00000,0x00000000eab00000,0x00000000f6780000)
  from space 23552K, 5% used [0x00000000f6780000,0x00000000f68dda50,0x00000000f7e80000)
  to   space 23552K, 0% used [0x00000000f9d80000,0x00000000f9d80000,0x00000000fb480000)
 ParOldGen       total 79360K, used 78241K [0x00000000c0000000, 0x00000000c4d80000, 0x00000000eab00000)
  object space 79360K, 98% used [0x00000000c0000000,0x00000000c4c685c0,0x00000000c4d80000)
 Metaspace       used 61275K, capacity 64656K, committed 64896K, reserved 1103872K
  class space    used 8481K, capacity 9600K, committed 9600K, reserved 1048576K
}
Event: 1097.617 GC heap before
{Heap before GC invocations=24 (full 5):
 PSYoungGen      total 216576K, used 1398K [0x00000000eab00000, 0x00000000fb480000, 0x0000000100000000)
  eden space 193024K, 0% used [0x00000000eab00000,0x00000000eab00000,0x00000000f6780000)
  from space 23552K, 5% used [0x00000000f6780000,0x00000000f68dda50,0x00000000f7e80000)
  to   space 23552K, 0% used [0x00000000f9d80000,0x00000000f9d80000,0x00000000fb480000)
 ParOldGen       total 79360K, used 78241K [0x00000000c0000000, 0x00000000c4d80000, 0x00000000eab00000)
  object space 79360K, 98% used [0x00000000c0000000,0x00000000c4c685c0,0x00000000c4d80000)
 Metaspace       used 61275K, capacity 64656K, committed 64896K, reserved 1103872K
  class space    used 8481K, capacity 9600K, committed 9600K, reserved 1048576K
Event: 1100.868 GC heap after
Heap after GC invocations=24 (full 5):
 PSYoungGen      total 216576K, used 0K [0x00000000eab00000, 0x00000000fb480000, 0x0000000100000000)
  eden space 193024K, 0% used [0x00000000eab00000,0x00000000eab00000,0x00000000f6780000)
  from space 23552K, 0% used [0x00000000f6780000,0x00000000f6780000,0x00000000f7e80000)
  to   space 23552K, 0% used [0x00000000f9d80000,0x00000000f9d80000,0x00000000fb480000)
 ParOldGen       total 79360K, used 60178K [0x00000000c0000000, 0x00000000c4d80000, 0x00000000eab00000)
  object space 79360K, 75% used [0x00000000c0000000,0x00000000c3ac4958,0x00000000c4d80000)
 Metaspace       used 60773K, capacity 63682K, committed 64896K, reserved 1103872K
  class space    used 8275K, capacity 9220K, committed 9600K, reserved 1048576K
}
Event: 1213.184 GC heap before
{Heap before GC invocations=25 (full 5):
 PSYoungGen      total 216576K, used 193024K [0x00000000eab00000, 0x00000000fb480000, 0x0000000100000000)
  eden space 193024K, 100% used [0x00000000eab00000,0x00000000f6780000,0x00000000f6780000)
  from space 23552K, 0% used [0x00000000f6780000,0x00000000f6780000,0x00000000f7e80000)
  to   space 23552K, 0% used [0x00000000f9d80000,0x00000000f9d80000,0x00000000fb480000)
 ParOldGen       total 79360K, used 60178K [0x00000000c0000000, 0x00000000c4d80000, 0x00000000eab00000)
  object space 79360K, 75% used [0x00000000c0000000,0x00000000c3ac4958,0x00000000c4d80000)
 Metaspace       used 67100K, capacity 70763K, committed 70912K, reserved 1110016K
  class space    used 9197K, capacity 10400K, committed 10496K, reserved 1048576K

